  AnimatedGraphic.cpp
  CreditState.cpp
c:\users\public\term-project-yechani0422\gameframework\creditstate.cpp(23): warning C4018: '<': signed 또는 unsigned가 일치하지 않습니다.
c:\users\public\term-project-yechani0422\gameframework\creditstate.cpp(30): warning C4018: '<': signed 또는 unsigned가 일치하지 않습니다.
c:\users\public\term-project-yechani0422\gameframework\creditstate.cpp(59): warning C4018: '<': signed 또는 unsigned가 일치하지 않습니다.
  Enemy.cpp
c:\users\public\term-project-yechani0422\gameframework\enemy.cpp(13): warning C4244: '인수': 'int'에서 'float'(으)로 변환하면서 데이터가 손실될 수 있습니다.
c:\users\public\term-project-yechani0422\gameframework\enemy.cpp(16): warning C4244: '인수': 'int'에서 'float'(으)로 변환하면서 데이터가 손실될 수 있습니다.
c:\users\public\term-project-yechani0422\gameframework\enemy.cpp(19): warning C4244: '인수': 'int'에서 'float'(으)로 변환하면서 데이터가 손실될 수 있습니다.
c:\users\public\term-project-yechani0422\gameframework\enemy.cpp(23): warning C4244: '인수': 'int'에서 'float'(으)로 변환하면서 데이터가 손실될 수 있습니다.
c:\users\public\term-project-yechani0422\gameframework\enemy.cpp(27): warning C4244: '인수': 'int'에서 'float'(으)로 변환하면서 데이터가 손실될 수 있습니다.
c:\users\public\term-project-yechani0422\gameframework\enemy.cpp(30): warning C4244: '인수': 'int'에서 'float'(으)로 변환하면서 데이터가 손실될 수 있습니다.
c:\users\public\term-project-yechani0422\gameframework\enemy.cpp(33): warning C4244: '인수': 'int'에서 'float'(으)로 변환하면서 데이터가 손실될 수 있습니다.
c:\users\public\term-project-yechani0422\gameframework\enemy.cpp(37): warning C4244: '인수': 'int'에서 'float'(으)로 변환하면서 데이터가 손실될 수 있습니다.
c:\users\public\term-project-yechani0422\gameframework\enemy.cpp(42): warning C4244: '인수': 'int'에서 'float'(으)로 변환하면서 데이터가 손실될 수 있습니다.
c:\users\public\term-project-yechani0422\gameframework\enemy.cpp(44): warning C4244: '인수': 'int'에서 'float'(으)로 변환하면서 데이터가 손실될 수 있습니다.
c:\users\public\term-project-yechani0422\gameframework\enemy.cpp(47): warning C4244: '인수': 'int'에서 'float'(으)로 변환하면서 데이터가 손실될 수 있습니다.
c:\users\public\term-project-yechani0422\gameframework\enemy.cpp(51): warning C4244: '인수': 'int'에서 'float'(으)로 변환하면서 데이터가 손실될 수 있습니다.
c:\users\public\term-project-yechani0422\gameframework\enemy.cpp(56): warning C4244: '인수': 'int'에서 'float'(으)로 변환하면서 데이터가 손실될 수 있습니다.
c:\users\public\term-project-yechani0422\gameframework\enemy.cpp(58): warning C4244: '인수': 'int'에서 'float'(으)로 변환하면서 데이터가 손실될 수 있습니다.
c:\users\public\term-project-yechani0422\gameframework\enemy.cpp(61): warning C4244: '인수': 'int'에서 'float'(으)로 변환하면서 데이터가 손실될 수 있습니다.
c:\users\public\term-project-yechani0422\gameframework\enemy.cpp(65): warning C4244: '인수': 'int'에서 'float'(으)로 변환하면서 데이터가 손실될 수 있습니다.
c:\users\public\term-project-yechani0422\gameframework\enemy.cpp(99): warning C4244: '인수': 'int'에서 'float'(으)로 변환하면서 데이터가 손실될 수 있습니다.
c:\users\public\term-project-yechani0422\gameframework\enemy.cpp(104): warning C4244: '인수': 'int'에서 'float'(으)로 변환하면서 데이터가 손실될 수 있습니다.
c:\users\public\term-project-yechani0422\gameframework\enemy.cpp(109): warning C4244: '인수': 'int'에서 'float'(으)로 변환하면서 데이터가 손실될 수 있습니다.
c:\users\public\term-project-yechani0422\gameframework\enemy.cpp(114): warning C4244: '인수': 'int'에서 'float'(으)로 변환하면서 데이터가 손실될 수 있습니다.
  Game.cpp
  GameOverState.cpp
c:\users\public\term-project-yechani0422\gameframework\gameoverstate.cpp(50): warning C4244: '인수': 'double'에서 'int'(으)로 변환하면서 데이터가 손실될 수 있습니다.
c:\users\public\term-project-yechani0422\gameframework\gameoverstate.cpp(54): warning C4244: '인수': 'double'에서 'int'(으)로 변환하면서 데이터가 손실될 수 있습니다.
c:\users\public\term-project-yechani0422\gameframework\gameoverstate.cpp(72): warning C4018: '<': signed 또는 unsigned가 일치하지 않습니다.
c:\users\public\term-project-yechani0422\gameframework\gameoverstate.cpp(82): warning C4018: '<': signed 또는 unsigned가 일치하지 않습니다.
c:\users\public\term-project-yechani0422\gameframework\gameoverstate.cpp(91): warning C4018: '<': signed 또는 unsigned가 일치하지 않습니다.
  GameStateMachine.cpp
  InputHandler.cpp
c:\users\public\term-project-yechani0422\gameframework\inputhandler.cpp(89): warning C4244: '인수': 'Sint32'에서 'float'(으)로 변환하면서 데이터가 손실될 수 있습니다.
c:\users\public\term-project-yechani0422\gameframework\inputhandler.cpp(90): warning C4244: '인수': 'Sint32'에서 'float'(으)로 변환하면서 데이터가 손실될 수 있습니다.
  MenuButton.cpp
  MenuState.cpp
c:\users\public\term-project-yechani0422\gameframework\menustate.cpp(17): warning C4018: '<': signed 또는 unsigned가 일치하지 않습니다.
c:\users\public\term-project-yechani0422\gameframework\menustate.cpp(24): warning C4018: '<': signed 또는 unsigned가 일치하지 않습니다.
c:\users\public\term-project-yechani0422\gameframework\menustate.cpp(65): warning C4244: '인수': 'double'에서 'int'(으)로 변환하면서 데이터가 손실될 수 있습니다.
c:\users\public\term-project-yechani0422\gameframework\menustate.cpp(69): warning C4244: '인수': 'double'에서 'int'(으)로 변환하면서 데이터가 손실될 수 있습니다.
c:\users\public\term-project-yechani0422\gameframework\menustate.cpp(88): warning C4018: '<': signed 또는 unsigned가 일치하지 않습니다.
  PauseState.cpp
c:\users\public\term-project-yechani0422\gameframework\pausestate.cpp(25): warning C4018: '<': signed 또는 unsigned가 일치하지 않습니다.
c:\users\public\term-project-yechani0422\gameframework\pausestate.cpp(33): warning C4018: '<': signed 또는 unsigned가 일치하지 않습니다.
c:\users\public\term-project-yechani0422\gameframework\pausestate.cpp(56): warning C4244: '인수': 'double'에서 'int'(으)로 변환하면서 데이터가 손실될 수 있습니다.
c:\users\public\term-project-yechani0422\gameframework\pausestate.cpp(58): warning C4244: '인수': 'double'에서 'int'(으)로 변환하면서 데이터가 손실될 수 있습니다.
c:\users\public\term-project-yechani0422\gameframework\pausestate.cpp(68): warning C4018: '<': signed 또는 unsigned가 일치하지 않습니다.
  PlayState.cpp
c:\users\public\term-project-yechani0422\gameframework\playstate.cpp(34): warning C4018: '<': signed 또는 unsigned가 일치하지 않습니다.
c:\users\public\term-project-yechani0422\gameframework\playstate.cpp(40): warning C4018: '<': signed 또는 unsigned가 일치하지 않습니다.
c:\users\public\term-project-yechani0422\gameframework\playstate.cpp(61): warning C4018: '<': signed 또는 unsigned가 일치하지 않습니다.
c:\users\public\term-project-yechani0422\gameframework\playstate.cpp(115): warning C4018: '<': signed 또는 unsigned가 일치하지 않습니다.
c:\users\public\term-project-yechani0422\gameframework\playstate.cpp(132): warning C4244: '=': 'float'에서 'int'(으)로 변환하면서 데이터가 손실될 수 있습니다.
c:\users\public\term-project-yechani0422\gameframework\playstate.cpp(133): warning C4244: '=': 'float'에서 'int'(으)로 변환하면서 데이터가 손실될 수 있습니다.
c:\users\public\term-project-yechani0422\gameframework\playstate.cpp(134): warning C4244: '=': 'float'에서 'int'(으)로 변환하면서 데이터가 손실될 수 있습니다.
c:\users\public\term-project-yechani0422\gameframework\playstate.cpp(135): warning C4244: '=': 'float'에서 'int'(으)로 변환하면서 데이터가 손실될 수 있습니다.
c:\users\public\term-project-yechani0422\gameframework\playstate.cpp(138): warning C4244: '=': 'float'에서 'int'(으)로 변환하면서 데이터가 손실될 수 있습니다.
c:\users\public\term-project-yechani0422\gameframework\playstate.cpp(139): warning C4244: '=': 'float'에서 'int'(으)로 변환하면서 데이터가 손실될 수 있습니다.
c:\users\public\term-project-yechani0422\gameframework\playstate.cpp(140): warning C4244: '=': 'float'에서 'int'(으)로 변환하면서 데이터가 손실될 수 있습니다.
c:\users\public\term-project-yechani0422\gameframework\playstate.cpp(141): warning C4244: '=': 'float'에서 'int'(으)로 변환하면서 데이터가 손실될 수 있습니다.
  Player.cpp
  SDLGameObject.cpp
c:\users\public\term-project-yechani0422\gameframework\sdlgameobject.cpp(6): warning C4244: '인수': 'int'에서 'float'(으)로 변환하면서 데이터가 손실될 수 있습니다.
  TextManager.cpp
c:\users\public\term-project-yechani0422\gameframework\han2unicode.h(1142): warning C4244: 'return': 'long'에서 'unsigned short'(으)로 변환하면서 데이터가 손실될 수 있습니다.
  main.cpp
c:\users\public\term-project-yechani0422\gameframework\main.cpp(8): warning C4244: '인수': 'time_t'에서 'unsigned int'(으)로 변환하면서 데이터가 손실될 수 있습니다.
c:\users\public\term-project-yechani0422\gameframework\main.cpp(10): warning C4244: '초기화 중': 'float'에서 'int'(으)로 변환하면서 데이터가 손실될 수 있습니다.
  코드를 생성하고 있습니다...
  GameFramework.vcxproj -> C:\Users\Public\term-project-Yechani0422\GameFramework\Debug\물고기 피하기!.exe
